01000111
01110000
00000000
01010001
01001000
10000000
00000000
01100001
01001001
10010000
00000000
00100001
01001010
10100000
00000001
01000001
00000010
01110000
00000000
00000000
00000011
10000000
00000000
00000000
00011011
10010111
00000000
00000000
00100010
11000000
00000000
00000000
00011001
10011001
00000000
00000000
01001001
10010000
00000000
00010001
01010011
10000000
00000000
00000000
00011011
01111001
00000000
00000000
00011001
10011001
00000000
00000000
00011001
10010000
00000000
00010001
00011100
10101000
00000000
00000000
00100100
11000000
00000000
00000000
00011010
10101010
00000000
00000000
01001010
10100000
00000000
00010001
01010101
10000000
00000000
00000000
00011100
10001010
00000000
00000000
00011010
10101010
00000000
00000000
00011010
10100000
00000000
00010001
00011000
10001000
00000000
00000000
00010000
11001011
00000000
00000000
00100111
01000000
00000000
00000000
00000000
10110000
00000000
00000000
00001011
11000000
00000000
00000000
00001100
00000000
00000000
00000000
01001000
10000000
00000000
00010001
01000111
10111011
00000000
00000000
01000110
11001100
00000000
00000000
00010101
01100111
00000000
00000000
00010111
01101011
00000000
00000000
10000010
00110000
00000000
00000000
00010100
01000100
00000000
00000000
00010000
10110100
00000000
00000000
01101101
10000000
00000000
00000000
01000100
01000000
00000000
00010001
01000000
01110000
00000000
00000001
00101011
01000000
00000000
00000000
01000011
00111010
00000000
00000000
01000010
00101001
00000000
00000000
01000111
01110101
00000000
00000000
10000010
00110000
00000000
00000000
01011000
11000000
00000000
00000000
01000111
01110110
00000000
00000000
01001000
10000000
00000000
00000001
01101100
11000000
00000000
00000000
01000011
00111010
00000000
00000000
10000010
00110000
00000000
00000000
01011000
11000000
00000000
00000000
01000010
00101001
00000000
00000000
10000010
00110000
00000000
00000000
01011000
11000000
00000000
00000000
00010000
00000000
00000000
00000000
